mode: atomic
github.com/avangero/auth-service/internal/config/loader.go:16.48,18.2 1 0
github.com/avangero/auth-service/internal/config/loader.go:21.42,37.40 2 0
github.com/avangero/auth-service/internal/config/loader.go:37.40,39.3 1 0
github.com/avangero/auth-service/internal/config/loader.go:41.2,41.17 1 0
github.com/avangero/auth-service/internal/config/loader.go:45.46,48.2 2 0
github.com/avangero/auth-service/internal/config/loader.go:51.58,52.42 1 0
github.com/avangero/auth-service/internal/config/loader.go:52.42,54.3 1 0
github.com/avangero/auth-service/internal/config/loader.go:55.2,55.21 1 0
github.com/avangero/auth-service/internal/config/loader.go:59.72,60.17 1 0
github.com/avangero/auth-service/internal/config/loader.go:60.17,62.3 1 0
github.com/avangero/auth-service/internal/config/loader.go:63.2,63.28 1 0
github.com/avangero/auth-service/internal/config/validator.go:17.66,21.2 1 0
github.com/avangero/auth-service/internal/config/validator.go:24.55,26.26 1 0
github.com/avangero/auth-service/internal/config/validator.go:26.26,28.3 1 0
github.com/avangero/auth-service/internal/config/validator.go:31.2,34.16 4 0
github.com/avangero/auth-service/internal/config/validator.go:34.16,36.3 1 0
github.com/avangero/auth-service/internal/config/validator.go:39.2,39.47 1 0
github.com/avangero/auth-service/internal/config/validator.go:39.47,41.3 1 0
github.com/avangero/auth-service/internal/config/validator.go:43.2,43.12 1 0
github.com/avangero/auth-service/internal/config/validator.go:47.67,48.42 1 0
github.com/avangero/auth-service/internal/config/validator.go:48.42,50.3 1 0
github.com/avangero/auth-service/internal/config/validator.go:51.2,51.21 1 0
github.com/avangero/auth-service/internal/database/database.go:19.70,23.2 1 0
github.com/avangero/auth-service/internal/database/database.go:26.67,37.16 3 0
github.com/avangero/auth-service/internal/database/database.go:37.16,39.3 1 0
github.com/avangero/auth-service/internal/database/database.go:42.2,42.33 1 0
github.com/avangero/auth-service/internal/database/database.go:42.33,44.3 1 0
github.com/avangero/auth-service/internal/database/database.go:46.2,47.11 2 0
github.com/avangero/auth-service/internal/database/database.go:51.43,62.2 3 0
github.com/avangero/auth-service/internal/lang/messages.go:47.74,49.2 1 0
github.com/avangero/auth-service/internal/lang/messages.go:52.75,53.44 1 0
github.com/avangero/auth-service/internal/lang/messages.go:53.44,54.20 1 0
github.com/avangero/auth-service/internal/lang/messages.go:54.20,57.4 1 0
github.com/avangero/auth-service/internal/lang/messages.go:58.3,58.13 1 0
github.com/avangero/auth-service/internal/lang/messages.go:60.2,60.20 1 0
github.com/avangero/auth-service/internal/lang/messages.go:64.79,65.13 1 0
github.com/avangero/auth-service/internal/lang/messages.go:66.18,67.55 1 0
github.com/avangero/auth-service/internal/lang/messages.go:68.15,69.54 1 0
github.com/avangero/auth-service/internal/lang/messages.go:70.13,71.99 1 0
github.com/avangero/auth-service/internal/lang/messages.go:72.15,73.53 1 0
github.com/avangero/auth-service/internal/lang/messages.go:74.10,75.62 1 0
github.com/avangero/auth-service/internal/repositories/user_repository.go:23.52,25.2 1 0
github.com/avangero/auth-service/internal/repositories/user_repository.go:28.58,35.2 3 0
github.com/avangero/auth-service/internal/repositories/user_repository.go:38.73,43.16 4 0
github.com/avangero/auth-service/internal/repositories/user_repository.go:43.16,45.3 1 0
github.com/avangero/auth-service/internal/repositories/user_repository.go:47.2,47.19 1 0
github.com/avangero/auth-service/internal/repositories/user_repository.go:51.70,56.16 4 0
github.com/avangero/auth-service/internal/repositories/user_repository.go:56.16,58.3 1 0
github.com/avangero/auth-service/internal/repositories/user_repository.go:60.2,60.19 1 0
github.com/avangero/auth-service/internal/repositories/user_repository.go:64.66,69.16 4 0
github.com/avangero/auth-service/internal/repositories/user_repository.go:69.16,71.3 1 0
github.com/avangero/auth-service/internal/repositories/user_repository.go:73.2,73.20 1 0
github.com/avangero/auth-service/internal/lang/ru/messages.go:6.41,36.2 2 0
github.com/avangero/auth-service/internal/validators/auth_validator.go:18.62,23.2 1 0
github.com/avangero/auth-service/internal/validators/auth_validator.go:26.55,27.46 1 0
github.com/avangero/auth-service/internal/validators/auth_validator.go:27.46,29.3 1 0
github.com/avangero/auth-service/internal/validators/auth_validator.go:30.2,30.12 1 0
github.com/avangero/auth-service/internal/validators/auth_validator.go:40.41,42.2 1 0
github.com/avangero/auth-service/internal/validators/auth_validator.go:45.65,48.66 2 0
github.com/avangero/auth-service/internal/validators/auth_validator.go:48.66,49.47 1 0
github.com/avangero/auth-service/internal/validators/auth_validator.go:49.47,56.4 2 0
github.com/avangero/auth-service/internal/validators/auth_validator.go:59.2,61.3 1 0
github.com/avangero/auth-service/internal/middleware/jwt_middleware.go:14.92,15.34 1 0
github.com/avangero/auth-service/internal/middleware/jwt_middleware.go:15.34,18.23 2 0
github.com/avangero/auth-service/internal/middleware/jwt_middleware.go:18.23,22.4 1 0
github.com/avangero/auth-service/internal/middleware/jwt_middleware.go:25.3,26.56 2 0
github.com/avangero/auth-service/internal/middleware/jwt_middleware.go:26.56,30.4 1 0
github.com/avangero/auth-service/internal/middleware/jwt_middleware.go:33.3,34.17 2 0
github.com/avangero/auth-service/internal/middleware/jwt_middleware.go:34.17,38.4 1 0
github.com/avangero/auth-service/internal/middleware/jwt_middleware.go:41.3,42.18 2 0
github.com/avangero/auth-service/internal/middleware/jwt_middleware.go:47.40,49.2 1 0
github.com/avangero/auth-service/internal/middleware/jwt_middleware.go:52.40,54.2 1 0
github.com/avangero/auth-service/internal/middleware/jwt_middleware.go:57.39,59.2 1 0
github.com/avangero/auth-service/internal/services/auth_service.go:41.105,47.2 1 0
github.com/avangero/auth-service/internal/services/auth_service.go:50.97,53.16 2 0
github.com/avangero/auth-service/internal/services/auth_service.go:53.16,55.3 1 0
github.com/avangero/auth-service/internal/services/auth_service.go:56.2,56.12 1 0
github.com/avangero/auth-service/internal/services/auth_service.go:56.12,58.3 1 0
github.com/avangero/auth-service/internal/services/auth_service.go:61.2,62.16 2 0
github.com/avangero/auth-service/internal/services/auth_service.go:62.16,64.3 1 0
github.com/avangero/auth-service/internal/services/auth_service.go:67.2,76.48 2 0
github.com/avangero/auth-service/internal/services/auth_service.go:76.48,78.3 1 0
github.com/avangero/auth-service/internal/services/auth_service.go:81.2,82.16 2 0
github.com/avangero/auth-service/internal/services/auth_service.go:82.16,84.3 1 0
github.com/avangero/auth-service/internal/services/auth_service.go:86.2,89.8 1 0
github.com/avangero/auth-service/internal/services/auth_service.go:93.91,96.16 2 0
github.com/avangero/auth-service/internal/services/auth_service.go:96.16,99.3 1 0
github.com/avangero/auth-service/internal/services/auth_service.go:102.2,102.99 1 0
github.com/avangero/auth-service/internal/services/auth_service.go:102.99,104.3 1 0
github.com/avangero/auth-service/internal/services/auth_service.go:107.2,108.16 2 0
github.com/avangero/auth-service/internal/services/auth_service.go:108.16,110.3 1 0
github.com/avangero/auth-service/internal/services/auth_service.go:112.2,115.8 1 0
github.com/avangero/auth-service/internal/services/auth_service.go:119.79,121.107 1 0
github.com/avangero/auth-service/internal/services/auth_service.go:121.107,123.3 1 0
github.com/avangero/auth-service/internal/services/auth_service.go:125.2,125.16 1 0
github.com/avangero/auth-service/internal/services/auth_service.go:125.16,127.3 1 0
github.com/avangero/auth-service/internal/services/auth_service.go:129.2,130.25 2 0
github.com/avangero/auth-service/internal/services/auth_service.go:130.25,132.3 1 0
github.com/avangero/auth-service/internal/services/auth_service.go:135.2,136.16 2 0
github.com/avangero/auth-service/internal/services/auth_service.go:136.16,138.3 1 0
github.com/avangero/auth-service/internal/services/auth_service.go:140.2,140.18 1 0
github.com/avangero/auth-service/internal/services/auth_service.go:144.72,146.2 1 0
github.com/avangero/auth-service/internal/services/auth_service.go:149.71,151.2 1 0
github.com/avangero/auth-service/internal/services/auth_service.go:154.70,168.2 3 0
